# JRE version: OpenJDK Runtime Environment (11.0.11) (build 11.0.11+0-b60-7590822)
# Java VM: OpenJDK 64-Bit Server VM (11.0.11+0-b60-7590822, mixed mode, tiered, compressed oops, g1 gc, linux-amd64)
Heap:
 garbage-first heap   total 883712K, used 197319K [0x00000000a0000000, 0x0000000100000000)
  region size 1024K, 2 young (2048K), 2 survivors (2048K)
 Metaspace       used 130866K, capacity 134718K, committed 134812K, reserved 1167360K
  class space    used 16608K, capacity 17973K, committed 17996K, reserved 1048576K
GC Heap History (20 events):
Event: 139,456 GC heap after
{Heap after GC invocations=117 (full 0):
 garbage-first heap   total 291840K, used 183923K [0x00000000a0000000, 0x0000000100000000)
  region size 1024K, 4 young (4096K), 4 survivors (4096K)
 Metaspace       used 130773K, capacity 134612K, committed 134812K, reserved 1167360K
  class space    used 16599K, capacity 17959K, committed 17996K, reserved 1048576K
}
Event: 139,878 GC heap before
{Heap before GC invocations=117 (full 0):
 garbage-first heap   total 291840K, used 252531K [0x00000000a0000000, 0x0000000100000000)
  region size 1024K, 71 young (72704K), 4 survivors (4096K)
 Metaspace       used 130787K, capacity 134620K, committed 134812K, reserved 1167360K
  class space    used 16601K, capacity 17962K, committed 17996K, reserved 1048576K
}
Event: 139,912 GC heap after
{Heap after GC invocations=118 (full 0):
 garbage-first heap   total 361472K, used 184413K [0x00000000a0000000, 0x0000000100000000)
  region size 1024K, 4 young (4096K), 4 survivors (4096K)
 Metaspace       used 130787K, capacity 134620K, committed 134812K, reserved 1167360K
  class space    used 16601K, capacity 17962K, committed 17996K, reserved 1048576K
}
Event: 140,623 GC heap before
{Heap before GC invocations=118 (full 0):
 garbage-first heap   total 361472K, used 282717K [0x00000000a0000000, 0x0000000100000000)
  region size 1024K, 100 young (102400K), 4 survivors (4096K)
 Metaspace       used 130803K, capacity 134630K, committed 134812K, reserved 1167360K
  class space    used 16603K, capacity 17965K, committed 17996K, reserved 1048576K
}
Event: 140,639 GC heap after
{Heap after GC invocations=119 (full 0):
 garbage-first heap   total 361472K, used 184877K [0x00000000a0000000, 0x0000000100000000)
  region size 1024K, 5 young (5120K), 5 survivors (5120K)
 Metaspace       used 130803K, capacity 134630K, committed 134812K, reserved 1167360K
  class space    used 16603K, capacity 17965K, committed 17996K, reserved 1048576K
}
Event: 141,187 GC heap before
{Heap before GC invocations=119 (full 0):
 garbage-first heap   total 361472K, used 287277K [0x00000000a0000000, 0x0000000100000000)
  region size 1024K, 105 young (107520K), 5 survivors (5120K)
 Metaspace       used 130824K, capacity 134697K, committed 134812K, reserved 1167360K
  class space    used 16604K, capacity 17966K, committed 17996K, reserved 1048576K
}
Event: 141,208 GC heap after
{Heap after GC invocations=120 (full 0):
 garbage-first heap   total 361472K, used 185092K [0x00000000a0000000, 0x0000000100000000)
  region size 1024K, 5 young (5120K), 5 survivors (5120K)
 Metaspace       used 130824K, capacity 134697K, committed 134812K, reserved 1167360K
  class space    used 16604K, capacity 17966K, committed 17996K, reserved 1048576K
}
Event: 141,797 GC heap before
{Heap before GC invocations=120 (full 0):
 garbage-first heap   total 361472K, used 291588K [0x00000000a0000000, 0x0000000100000000)
  region size 1024K, 109 young (111616K), 5 survivors (5120K)
 Metaspace       used 130846K, capacity 134697K, committed 134812K, reserved 1167360K
  class space    used 16604K, capacity 17966K, committed 17996K, reserved 1048576K
}
Event: 141,820 GC heap after
{Heap after GC invocations=121 (full 0):
 garbage-first heap   total 361472K, used 186388K [0x00000000a0000000, 0x0000000100000000)
  region size 1024K, 6 young (6144K), 6 survivors (6144K)
 Metaspace       used 130846K, capacity 134697K, committed 134812K, reserved 1167360K
  class space    used 16604K, capacity 17966K, committed 17996K, reserved 1048576K
}
Event: 142,131 GC heap before
{Heap before GC invocations=121 (full 0):
 garbage-first heap   total 361472K, used 294932K [0x00000000a0000000, 0x0000000100000000)
  region size 1024K, 112 young (114688K), 6 survivors (6144K)
 Metaspace       used 130848K, capacity 134698K, committed 134812K, reserved 1167360K
  class space    used 16604K, capacity 17966K, committed 17996K, reserved 1048576K
}
Event: 142,162 GC heap after
{Heap after GC invocations=122 (full 0):
 garbage-first heap   total 361472K, used 187096K [0x00000000a0000000, 0x0000000100000000)
  region size 1024K, 7 young (7168K), 7 survivors (7168K)
 Metaspace       used 130848K, capacity 134698K, committed 134812K, reserved 1167360K
  class space    used 16604K, capacity 17966K, committed 17996K, reserved 1048576K
}
Event: 142,586 GC heap before
{Heap before GC invocations=122 (full 0):
 garbage-first heap   total 361472K, used 297688K [0x00000000a0000000, 0x0000000100000000)
  region size 1024K, 115 young (117760K), 7 survivors (7168K)
 Metaspace       used 130849K, capacity 134698K, committed 134812K, reserved 1167360K
  class space    used 16604K, capacity 17966K, committed 17996K, reserved 1048576K
}
Event: 142,613 GC heap after
{Heap after GC invocations=123 (full 0):
 garbage-first heap   total 422912K, used 188486K [0x00000000a0000000, 0x0000000100000000)
  region size 1024K, 8 young (8192K), 8 survivors (8192K)
 Metaspace       used 130849K, capacity 134698K, committed 134812K, reserved 1167360K
  class space    used 16604K, capacity 17966K, committed 17996K, reserved 1048576K
}
Event: 143,812 GC heap before
{Heap before GC invocations=123 (full 0):
 garbage-first heap   total 422912K, used 331846K [0x00000000a0000000, 0x0000000100000000)
  region size 1024K, 148 young (151552K), 8 survivors (8192K)
 Metaspace       used 130861K, capacity 134712K, committed 134812K, reserved 1167360K
  class space    used 16607K, capacity 17971K, committed 17996K, reserved 1048576K
}
Event: 144,276 GC heap after
{Heap after GC invocations=124 (full 0):
 garbage-first heap   total 422912K, used 186924K [0x00000000a0000000, 0x0000000100000000)
  region size 1024K, 7 young (7168K), 7 survivors (7168K)
 Metaspace       used 130861K, capacity 134712K, committed 134812K, reserved 1167360K
  class space    used 16607K, capacity 17971K, committed 17996K, reserved 1048576K
}
Event: 146,089 GC heap before
{Heap before GC invocations=124 (full 0):
 garbage-first heap   total 422912K, used 343596K [0x00000000a0000000, 0x0000000100000000)
  region size 1024K, 160 young (163840K), 7 survivors (7168K)
 Metaspace       used 130862K, capacity 134712K, committed 134812K, reserved 1167360K
  class space    used 16607K, capacity 17971K, committed 17996K, reserved 1048576K
}
Event: 146,748 GC heap after
{Heap after GC invocations=125 (full 0):
 garbage-first heap   total 422912K, used 187503K [0x00000000a0000000, 0x0000000100000000)
  region size 1024K, 7 young (7168K), 7 survivors (7168K)
 Metaspace       used 130862K, capacity 134712K, committed 134812K, reserved 1167360K
  class space    used 16607K, capacity 17971K, committed 17996K, reserved 1048576K
}
Event: 148,812 GC heap before
{Heap before GC invocations=125 (full 0):
 garbage-first heap   total 422912K, used 283759K [0x00000000a0000000, 0x0000000100000000)
  region size 1024K, 102 young (104448K), 7 survivors (7168K)
 Metaspace       used 130865K, capacity 134716K, committed 134812K, reserved 1167360K
  class space    used 16607K, capacity 17972K, committed 17996K, reserved 1048576K
}
Event: 149,633 GC heap after
{Heap after GC invocations=126 (full 0):
 garbage-first heap   total 422912K, used 196332K [0x00000000a0000000, 0x0000000100000000)
  region size 1024K, 13 young (13312K), 13 survivors (13312K)
 Metaspace       used 130865K, capacity 134716K, committed 134812K, reserved 1167360K
  class space    used 16607K, capacity 17972K, committed 17996K, reserved 1048576K
}
Event: 149,907 GC heap before
{Heap before GC invocations=126 (full 0):
 garbage-first heap   total 422912K, used 203500K [0x00000000a0000000, 0x0000000100000000)
  region size 1024K, 20 young (20480K), 13 survivors (13312K)
 Metaspace       used 130866K, capacity 134718K, committed 134812K, reserved 1167360K
  class space    used 16608K, capacity 17973K, committed 17996K, reserved 1048576K
}

