# JRE version: OpenJDK Runtime Environment (11.0.11) (build 11.0.11+0-b60-7590822)
# Java VM: OpenJDK 64-Bit Server VM (11.0.11+0-b60-7590822, mixed mode, tiered, compressed oops, g1 gc, linux-amd64)
Heap:
 garbage-first heap   total 535552K, used 307443K [0x00000000a0000000, 0x0000000100000000)
  region size 1024K, 3 young (3072K), 3 survivors (3072K)
 Metaspace       used 152754K, capacity 157569K, committed 158260K, reserved 1187840K
  class space    used 18802K, capacity 20527K, committed 20736K, reserved 1048576K
GC Heap History (20 events):
Event: 250,068 GC heap after
{Heap after GC invocations=129 (full 0):
 garbage-first heap   total 370688K, used 295572K [0x00000000a0000000, 0x0000000100000000)
  region size 1024K, 4 young (4096K), 4 survivors (4096K)
 Metaspace       used 152399K, capacity 157416K, committed 157620K, reserved 1185792K
  class space    used 18825K, capacity 20596K, committed 20608K, reserved 1048576K
}
Event: 250,362 GC heap before
{Heap before GC invocations=129 (full 0):
 garbage-first heap   total 370688K, used 322196K [0x00000000a0000000, 0x0000000100000000)
  region size 1024K, 30 young (30720K), 4 survivors (4096K)
 Metaspace       used 152402K, capacity 157416K, committed 157620K, reserved 1185792K
  class space    used 18825K, capacity 20596K, committed 20608K, reserved 1048576K
}
Event: 250,383 GC heap after
{Heap after GC invocations=130 (full 0):
 garbage-first heap   total 370688K, used 298686K [0x00000000a0000000, 0x0000000100000000)
  region size 1024K, 3 young (3072K), 3 survivors (3072K)
 Metaspace       used 152402K, capacity 157416K, committed 157620K, reserved 1185792K
  class space    used 18825K, capacity 20596K, committed 20608K, reserved 1048576K
}
Event: 250,666 GC heap before
{Heap before GC invocations=130 (full 0):
 garbage-first heap   total 370688K, used 324286K [0x00000000a0000000, 0x0000000100000000)
  region size 1024K, 28 young (28672K), 3 survivors (3072K)
 Metaspace       used 152446K, capacity 157433K, committed 157620K, reserved 1185792K
  class space    used 18828K, capacity 20602K, committed 20608K, reserved 1048576K
}
Event: 250,685 GC heap after
{Heap after GC invocations=131 (full 0):
 garbage-first heap   total 370688K, used 300189K [0x00000000a0000000, 0x0000000100000000)
  region size 1024K, 2 young (2048K), 2 survivors (2048K)
 Metaspace       used 152446K, capacity 157433K, committed 157620K, reserved 1185792K
  class space    used 18828K, capacity 20602K, committed 20608K, reserved 1048576K
}
Event: 250,942 GC heap before
{Heap before GC invocations=131 (full 0):
 garbage-first heap   total 370688K, used 324765K [0x00000000a0000000, 0x0000000100000000)
  region size 1024K, 26 young (26624K), 2 survivors (2048K)
 Metaspace       used 152573K, capacity 157591K, committed 157748K, reserved 1185792K
  class space    used 18835K, capacity 20610K, committed 20736K, reserved 1048576K
}
Event: 250,975 GC heap after
{Heap after GC invocations=132 (full 0):
 garbage-first heap   total 370688K, used 303344K [0x00000000a0000000, 0x0000000100000000)
  region size 1024K, 4 young (4096K), 4 survivors (4096K)
 Metaspace       used 152573K, capacity 157591K, committed 157748K, reserved 1185792K
  class space    used 18835K, capacity 20610K, committed 20736K, reserved 1048576K
}
Event: 251,129 GC heap before
{Heap before GC invocations=132 (full 0):
 garbage-first heap   total 370688K, used 323824K [0x00000000a0000000, 0x0000000100000000)
  region size 1024K, 25 young (25600K), 4 survivors (4096K)
 Metaspace       used 152588K, capacity 157597K, committed 157748K, reserved 1185792K
  class space    used 18835K, capacity 20610K, committed 20736K, reserved 1048576K
}
Event: 251,147 GC heap after
{Heap after GC invocations=133 (full 0):
 garbage-first heap   total 370688K, used 306846K [0x00000000a0000000, 0x0000000100000000)
  region size 1024K, 4 young (4096K), 4 survivors (4096K)
 Metaspace       used 152588K, capacity 157597K, committed 157748K, reserved 1185792K
  class space    used 18835K, capacity 20610K, committed 20736K, reserved 1048576K
}
Event: 251,303 GC heap before
{Heap before GC invocations=133 (full 0):
 garbage-first heap   total 370688K, used 325278K [0x00000000a0000000, 0x0000000100000000)
  region size 1024K, 22 young (22528K), 4 survivors (4096K)
 Metaspace       used 152616K, capacity 157611K, committed 157748K, reserved 1185792K
  class space    used 18837K, capacity 20614K, committed 20736K, reserved 1048576K
}
Event: 251,318 GC heap after
{Heap after GC invocations=134 (full 0):
 garbage-first heap   total 370688K, used 309222K [0x00000000a0000000, 0x0000000100000000)
  region size 1024K, 3 young (3072K), 3 survivors (3072K)
 Metaspace       used 152616K, capacity 157611K, committed 157748K, reserved 1185792K
  class space    used 18837K, capacity 20614K, committed 20736K, reserved 1048576K
}
Event: 251,468 GC heap before
{Heap before GC invocations=134 (full 0):
 garbage-first heap   total 370688K, used 325606K [0x00000000a0000000, 0x0000000100000000)
  region size 1024K, 19 young (19456K), 3 survivors (3072K)
 Metaspace       used 152641K, capacity 157675K, committed 158004K, reserved 1187840K
  class space    used 18837K, capacity 20614K, committed 20736K, reserved 1048576K
}
Event: 251,487 GC heap after
{Heap after GC invocations=135 (full 0):
 garbage-first heap   total 418816K, used 311029K [0x00000000a0000000, 0x0000000100000000)
  region size 1024K, 2 young (2048K), 2 survivors (2048K)
 Metaspace       used 152641K, capacity 157675K, committed 158004K, reserved 1187840K
  class space    used 18837K, capacity 20614K, committed 20736K, reserved 1048576K
}
Event: 251,886 GC heap before
{Heap before GC invocations=135 (full 0):
 garbage-first heap   total 418816K, used 346869K [0x00000000a0000000, 0x0000000100000000)
  region size 1024K, 38 young (38912K), 2 survivors (2048K)
 Metaspace       used 152726K, capacity 157739K, committed 158004K, reserved 1187840K
  class space    used 18837K, capacity 20614K, committed 20736K, reserved 1048576K
}
Event: 251,912 GC heap after
{Heap after GC invocations=136 (full 0):
 garbage-first heap   total 418816K, used 316648K [0x00000000a0000000, 0x0000000100000000)
  region size 1024K, 5 young (5120K), 5 survivors (5120K)
 Metaspace       used 152726K, capacity 157739K, committed 158004K, reserved 1187840K
  class space    used 18837K, capacity 20614K, committed 20736K, reserved 1048576K
}
Event: 252,249 GC heap before
{Heap before GC invocations=136 (full 0):
 garbage-first heap   total 418816K, used 352488K [0x00000000a0000000, 0x0000000100000000)
  region size 1024K, 40 young (40960K), 5 survivors (5120K)
 Metaspace       used 152788K, capacity 157808K, committed 158004K, reserved 1187840K
  class space    used 18838K, capacity 20614K, committed 20736K, reserved 1048576K
}
Event: 252,279 GC heap after
{Heap after GC invocations=137 (full 0):
 garbage-first heap   total 418816K, used 323347K [0x00000000a0000000, 0x0000000100000000)
  region size 1024K, 5 young (5120K), 5 survivors (5120K)
 Metaspace       used 152788K, capacity 157808K, committed 158004K, reserved 1187840K
  class space    used 18838K, capacity 20614K, committed 20736K, reserved 1048576K
}
Event: 252,666 GC heap before
{Heap before GC invocations=137 (full 0):
 garbage-first heap   total 418816K, used 356115K [0x00000000a0000000, 0x0000000100000000)
  region size 1024K, 37 young (37888K), 5 survivors (5120K)
 Metaspace       used 152836K, capacity 157851K, committed 158004K, reserved 1187840K
  class space    used 18846K, capacity 20650K, committed 20736K, reserved 1048576K
}
Event: 252,690 GC heap after
{Heap after GC invocations=138 (full 0):
 garbage-first heap   total 418816K, used 325845K [0x00000000a0000000, 0x0000000100000000)
  region size 1024K, 2 young (2048K), 2 survivors (2048K)
 Metaspace       used 152836K, capacity 157851K, committed 158004K, reserved 1187840K
  class space    used 18846K, capacity 20650K, committed 20736K, reserved 1048576K
}
Event: 253,311 GC heap before
{Heap before GC invocations=138 (full 0):
 garbage-first heap   total 418816K, used 339157K [0x00000000a0000000, 0x0000000100000000)
  region size 1024K, 34 young (34816K), 2 survivors (2048K)
 Metaspace       used 152754K, capacity 157569K, committed 158260K, reserved 1187840K
  class space    used 18802K, capacity 20527K, committed 20736K, reserved 1048576K
}

