# JRE version: OpenJDK Runtime Environment (11.0.11) (build 11.0.11+0-b60-7590822)
# Java VM: OpenJDK 64-Bit Server VM (11.0.11+0-b60-7590822, mixed mode, tiered, compressed oops, g1 gc, linux-amd64)
Heap:
 garbage-first heap   total 524288K, used 209987K [0x00000000a0000000, 0x0000000100000000)
  region size 1024K, 2 young (2048K), 2 survivors (2048K)
 Metaspace       used 111702K, capacity 114617K, committed 114980K, reserved 1148928K
  class space    used 14040K, capacity 15107K, committed 15308K, reserved 1048576K
GC Heap History (20 events):
Event: 68,552 GC heap after
{Heap after GC invocations=70 (full 0):
 garbage-first heap   total 384000K, used 188596K [0x00000000a0000000, 0x0000000100000000)
  region size 1024K, 6 young (6144K), 6 survivors (6144K)
 Metaspace       used 111502K, capacity 114389K, committed 114980K, reserved 1148928K
  class space    used 14035K, capacity 15102K, committed 15308K, reserved 1048576K
}
Event: 69,127 GC heap before
{Heap before GC invocations=71 (full 0):
 garbage-first heap   total 384000K, used 306356K [0x00000000a0000000, 0x0000000100000000)
  region size 1024K, 122 young (124928K), 6 survivors (6144K)
 Metaspace       used 111604K, capacity 114532K, committed 114980K, reserved 1148928K
  class space    used 14036K, capacity 15102K, committed 15308K, reserved 1048576K
}
Event: 69,167 GC heap after
{Heap after GC invocations=72 (full 0):
 garbage-first heap   total 384000K, used 202484K [0x00000000a0000000, 0x0000000100000000)
  region size 1024K, 16 young (16384K), 16 survivors (16384K)
 Metaspace       used 111604K, capacity 114532K, committed 114980K, reserved 1148928K
  class space    used 14036K, capacity 15102K, committed 15308K, reserved 1048576K
}
Event: 69,177 GC heap before
{Heap before GC invocations=72 (full 0):
 garbage-first heap   total 384000K, used 203508K [0x00000000a0000000, 0x0000000100000000)
  region size 1024K, 18 young (18432K), 16 survivors (16384K)
 Metaspace       used 111605K, capacity 114532K, committed 114980K, reserved 1148928K
  class space    used 14036K, capacity 15102K, committed 15308K, reserved 1048576K
}
Event: 69,234 GC heap after
{Heap after GC invocations=73 (full 0):
 garbage-first heap   total 384000K, used 188080K [0x00000000a0000000, 0x0000000100000000)
  region size 1024K, 2 young (2048K), 2 survivors (2048K)
 Metaspace       used 111605K, capacity 114532K, committed 114980K, reserved 1148928K
  class space    used 14036K, capacity 15102K, committed 15308K, reserved 1048576K
}
Event: 69,947 GC heap before
{Heap before GC invocations=73 (full 0):
 garbage-first heap   total 384000K, used 307888K [0x00000000a0000000, 0x0000000100000000)
  region size 1024K, 119 young (121856K), 2 survivors (2048K)
 Metaspace       used 111684K, capacity 114604K, committed 114980K, reserved 1148928K
  class space    used 14037K, capacity 15103K, committed 15308K, reserved 1048576K
}
Event: 70,007 GC heap after
{Heap after GC invocations=74 (full 0):
 garbage-first heap   total 432128K, used 201728K [0x00000000a0000000, 0x0000000100000000)
  region size 1024K, 15 young (15360K), 15 survivors (15360K)
 Metaspace       used 111684K, capacity 114604K, committed 114980K, reserved 1148928K
  class space    used 14037K, capacity 15103K, committed 15308K, reserved 1048576K
}
Event: 133,423 GC heap before
{Heap before GC invocations=74 (full 0):
 garbage-first heap   total 432128K, used 345088K [0x00000000a0000000, 0x0000000100000000)
  region size 1024K, 156 young (159744K), 15 survivors (15360K)
 Metaspace       used 111693K, capacity 114604K, committed 114980K, reserved 1148928K
  class space    used 14037K, capacity 15103K, committed 15308K, reserved 1048576K
}
Event: 134,570 GC heap after
{Heap after GC invocations=75 (full 0):
 garbage-first heap   total 432128K, used 207360K [0x00000000a0000000, 0x0000000100000000)
  region size 1024K, 6 young (6144K), 6 survivors (6144K)
 Metaspace       used 111693K, capacity 114604K, committed 114980K, reserved 1148928K
  class space    used 14037K, capacity 15103K, committed 15308K, reserved 1048576K
}
Event: 135,143 GC heap before
{Heap before GC invocations=75 (full 0):
 garbage-first heap   total 432128K, used 221696K [0x00000000a0000000, 0x0000000100000000)
  region size 1024K, 21 young (21504K), 6 survivors (6144K)
 Metaspace       used 111694K, capacity 114604K, committed 114980K, reserved 1148928K
  class space    used 14038K, capacity 15103K, committed 15308K, reserved 1048576K
}
Event: 135,843 GC heap after
{Heap after GC invocations=76 (full 0):
 garbage-first heap   total 432128K, used 209233K [0x00000000a0000000, 0x0000000100000000)
  region size 1024K, 2 young (2048K), 2 survivors (2048K)
 Metaspace       used 111694K, capacity 114604K, committed 114980K, reserved 1148928K
  class space    used 14038K, capacity 15103K, committed 15308K, reserved 1048576K
}
Event: 136,233 GC heap before
{Heap before GC invocations=76 (full 0):
 garbage-first heap   total 432128K, used 228689K [0x00000000a0000000, 0x0000000100000000)
  region size 1024K, 21 young (21504K), 2 survivors (2048K)
 Metaspace       used 111694K, capacity 114604K, committed 114980K, reserved 1148928K
  class space    used 14038K, capacity 15103K, committed 15308K, reserved 1048576K
}
Event: 136,601 GC heap after
{Heap after GC invocations=77 (full 0):
 garbage-first heap   total 432128K, used 208896K [0x00000000a0000000, 0x0000000100000000)
  region size 1024K, 1 young (1024K), 1 survivors (1024K)
 Metaspace       used 111694K, capacity 114604K, committed 114980K, reserved 1148928K
  class space    used 14038K, capacity 15103K, committed 15308K, reserved 1048576K
}
Event: 136,985 GC heap before
{Heap before GC invocations=77 (full 0):
 garbage-first heap   total 432128K, used 229376K [0x00000000a0000000, 0x0000000100000000)
  region size 1024K, 21 young (21504K), 1 survivors (1024K)
 Metaspace       used 111701K, capacity 114617K, committed 114980K, reserved 1148928K
  class space    used 14040K, capacity 15107K, committed 15308K, reserved 1048576K
}
Event: 137,381 GC heap after
{Heap after GC invocations=78 (full 0):
 garbage-first heap   total 432128K, used 209301K [0x00000000a0000000, 0x0000000100000000)
  region size 1024K, 2 young (2048K), 2 survivors (2048K)
 Metaspace       used 111701K, capacity 114617K, committed 114980K, reserved 1148928K
  class space    used 14040K, capacity 15107K, committed 15308K, reserved 1048576K
}
Event: 137,913 GC heap before
{Heap before GC invocations=78 (full 0):
 garbage-first heap   total 432128K, used 228757K [0x00000000a0000000, 0x0000000100000000)
  region size 1024K, 21 young (21504K), 2 survivors (2048K)
 Metaspace       used 111702K, capacity 114617K, committed 114980K, reserved 1148928K
  class space    used 14040K, capacity 15107K, committed 15308K, reserved 1048576K
}
Event: 138,044 GC heap after
{Heap after GC invocations=79 (full 0):
 garbage-first heap   total 432128K, used 209805K [0x00000000a0000000, 0x0000000100000000)
  region size 1024K, 2 young (2048K), 2 survivors (2048K)
 Metaspace       used 111702K, capacity 114617K, committed 114980K, reserved 1148928K
  class space    used 14040K, capacity 15107K, committed 15308K, reserved 1048576K
}
Event: 138,416 GC heap before
{Heap before GC invocations=79 (full 0):
 garbage-first heap   total 432128K, used 229261K [0x00000000a0000000, 0x0000000100000000)
  region size 1024K, 21 young (21504K), 2 survivors (2048K)
 Metaspace       used 111702K, capacity 114617K, committed 114980K, reserved 1148928K
  class space    used 14040K, capacity 15107K, committed 15308K, reserved 1048576K
}
Event: 139,037 GC heap after
{Heap after GC invocations=80 (full 0):
 garbage-first heap   total 432128K, used 209971K [0x00000000a0000000, 0x0000000100000000)
  region size 1024K, 2 young (2048K), 2 survivors (2048K)
 Metaspace       used 111702K, capacity 114617K, committed 114980K, reserved 1148928K
  class space    used 14040K, capacity 15107K, committed 15308K, reserved 1048576K
}
Event: 139,510 GC heap before
{Heap before GC invocations=80 (full 0):
 garbage-first heap   total 432128K, used 229427K [0x00000000a0000000, 0x0000000100000000)
  region size 1024K, 21 young (21504K), 2 survivors (2048K)
 Metaspace       used 111702K, capacity 114617K, committed 114980K, reserved 1148928K
  class space    used 14040K, capacity 15107K, committed 15308K, reserved 1048576K
}

