# JRE version: OpenJDK Runtime Environment (11.0.11) (build 11.0.11+0-b60-7590822)
# Java VM: OpenJDK 64-Bit Server VM (11.0.11+0-b60-7590822, mixed mode, tiered, compressed oops, g1 gc, linux-amd64)
Heap:
 garbage-first heap   total 506880K, used 146877K [0x00000000a0000000, 0x0000000100000000)
  region size 1024K, 11 young (11264K), 11 survivors (11264K)
 Metaspace       used 95808K, capacity 98607K, committed 98852K, reserved 1134592K
  class space    used 12463K, capacity 13455K, committed 13516K, reserved 1048576K
GC Heap History (20 events):
Event: 65,982 GC heap after
{Heap after GC invocations=66 (full 0):
 garbage-first heap   total 413696K, used 128045K [0x00000000a0000000, 0x0000000100000000)
  region size 1024K, 13 young (13312K), 13 survivors (13312K)
 Metaspace       used 95516K, capacity 98214K, committed 98340K, reserved 1134592K
  class space    used 12457K, capacity 13444K, committed 13516K, reserved 1048576K
}
Event: 67,867 GC heap before
{Heap before GC invocations=66 (full 0):
 garbage-first heap   total 413696K, used 354349K [0x00000000a0000000, 0x0000000100000000)
  region size 1024K, 234 young (239616K), 13 survivors (13312K)
 Metaspace       used 95604K, capacity 98245K, committed 98340K, reserved 1134592K
  class space    used 12459K, capacity 13447K, committed 13516K, reserved 1048576K
}
Event: 67,942 GC heap after
{Heap after GC invocations=67 (full 0):
 garbage-first heap   total 460800K, used 127624K [0x00000000a0000000, 0x0000000100000000)
  region size 1024K, 12 young (12288K), 12 survivors (12288K)
 Metaspace       used 95604K, capacity 98245K, committed 98340K, reserved 1134592K
  class space    used 12459K, capacity 13447K, committed 13516K, reserved 1048576K
}
Event: 70,104 GC heap before
{Heap before GC invocations=67 (full 0):
 garbage-first heap   total 460800K, used 379528K [0x00000000a0000000, 0x0000000100000000)
  region size 1024K, 258 young (264192K), 12 survivors (12288K)
 Metaspace       used 95629K, capacity 98309K, committed 98596K, reserved 1134592K
  class space    used 12459K, capacity 13447K, committed 13516K, reserved 1048576K
}
Event: 70,147 GC heap after
{Heap after GC invocations=68 (full 0):
 garbage-first heap   total 460800K, used 124645K [0x00000000a0000000, 0x0000000100000000)
  region size 1024K, 9 young (9216K), 9 survivors (9216K)
 Metaspace       used 95629K, capacity 98309K, committed 98596K, reserved 1134592K
  class space    used 12459K, capacity 13447K, committed 13516K, reserved 1048576K
}
Event: 73,503 GC heap before
{Heap before GC invocations=68 (full 0):
 garbage-first heap   total 460800K, used 382693K [0x00000000a0000000, 0x0000000100000000)
  region size 1024K, 260 young (266240K), 9 survivors (9216K)
 Metaspace       used 95682K, capacity 98325K, committed 98596K, reserved 1134592K
  class space    used 12460K, capacity 13450K, committed 13516K, reserved 1048576K
}
Event: 73,551 GC heap after
{Heap after GC invocations=69 (full 0):
 garbage-first heap   total 460800K, used 130906K [0x00000000a0000000, 0x0000000100000000)
  region size 1024K, 15 young (15360K), 15 survivors (15360K)
 Metaspace       used 95682K, capacity 98325K, committed 98596K, reserved 1134592K
  class space    used 12460K, capacity 13450K, committed 13516K, reserved 1048576K
}
Event: 74,876 GC heap before
{Heap before GC invocations=69 (full 0):
 garbage-first heap   total 460800K, used 384858K [0x00000000a0000000, 0x0000000100000000)
  region size 1024K, 263 young (269312K), 15 survivors (15360K)
 Metaspace       used 95698K, capacity 98327K, committed 98596K, reserved 1134592K
  class space    used 12460K, capacity 13450K, committed 13516K, reserved 1048576K
}
Event: 74,963 GC heap after
{Heap after GC invocations=70 (full 0):
 garbage-first heap   total 460800K, used 141714K [0x00000000a0000000, 0x0000000100000000)
  region size 1024K, 26 young (26624K), 26 survivors (26624K)
 Metaspace       used 95698K, capacity 98327K, committed 98596K, reserved 1134592K
  class space    used 12460K, capacity 13450K, committed 13516K, reserved 1048576K
}
Event: 76,855 GC heap before
{Heap before GC invocations=70 (full 0):
 garbage-first heap   total 460800K, used 382354K [0x00000000a0000000, 0x0000000100000000)
  region size 1024K, 261 young (267264K), 26 survivors (26624K)
 Metaspace       used 95745K, capacity 98462K, committed 98596K, reserved 1134592K
  class space    used 12461K, capacity 13451K, committed 13516K, reserved 1048576K
}
Event: 76,943 GC heap after
{Heap after GC invocations=71 (full 0):
 garbage-first heap   total 460800K, used 141420K [0x00000000a0000000, 0x0000000100000000)
  region size 1024K, 17 young (17408K), 17 survivors (17408K)
 Metaspace       used 95745K, capacity 98462K, committed 98596K, reserved 1134592K
  class space    used 12461K, capacity 13451K, committed 13516K, reserved 1048576K
}
Event: 78,721 GC heap before
{Heap before GC invocations=71 (full 0):
 garbage-first heap   total 460800K, used 387180K [0x00000000a0000000, 0x0000000100000000)
  region size 1024K, 257 young (263168K), 17 survivors (17408K)
 Metaspace       used 95763K, capacity 98463K, committed 98596K, reserved 1134592K
  class space    used 12461K, capacity 13451K, committed 13516K, reserved 1048576K
}
Event: 78,833 GC heap after
{Heap after GC invocations=72 (full 0):
 garbage-first heap   total 460800K, used 147052K [0x00000000a0000000, 0x0000000100000000)
  region size 1024K, 22 young (22528K), 22 survivors (22528K)
 Metaspace       used 95763K, capacity 98463K, committed 98596K, reserved 1134592K
  class space    used 12461K, capacity 13451K, committed 13516K, reserved 1048576K
}
Event: 80,464 GC heap before
{Heap before GC invocations=72 (full 0):
 garbage-first heap   total 460800K, used 386668K [0x00000000a0000000, 0x0000000100000000)
  region size 1024K, 257 young (263168K), 22 survivors (22528K)
 Metaspace       used 95770K, capacity 98464K, committed 98596K, reserved 1134592K
  class space    used 12461K, capacity 13451K, committed 13516K, reserved 1048576K
}
Event: 80,587 GC heap after
{Heap after GC invocations=73 (full 0):
 garbage-first heap   total 460800K, used 146944K [0x00000000a0000000, 0x0000000100000000)
  region size 1024K, 11 young (11264K), 11 survivors (11264K)
 Metaspace       used 95770K, capacity 98464K, committed 98596K, reserved 1134592K
  class space    used 12461K, capacity 13451K, committed 13516K, reserved 1048576K
}
Event: 82,134 GC heap before
{Heap before GC invocations=73 (full 0):
 garbage-first heap   total 460800K, used 390656K [0x00000000a0000000, 0x0000000100000000)
  region size 1024K, 250 young (256000K), 11 survivors (11264K)
 Metaspace       used 95788K, capacity 98542K, committed 98852K, reserved 1134592K
  class space    used 12463K, capacity 13455K, committed 13516K, reserved 1048576K
}
Event: 82,174 GC heap after
{Heap after GC invocations=74 (full 0):
 garbage-first heap   total 460800K, used 146944K [0x00000000a0000000, 0x0000000100000000)
  region size 1024K, 11 young (11264K), 11 survivors (11264K)
 Metaspace       used 95788K, capacity 98542K, committed 98852K, reserved 1134592K
  class space    used 12463K, capacity 13455K, committed 13516K, reserved 1048576K
}
Event: 83,834 GC heap before
{Heap before GC invocations=74 (full 0):
 garbage-first heap   total 460800K, used 394752K [0x00000000a0000000, 0x0000000100000000)
  region size 1024K, 253 young (259072K), 11 survivors (11264K)
 Metaspace       used 95797K, capacity 98542K, committed 98852K, reserved 1134592K
  class space    used 12463K, capacity 13455K, committed 13516K, reserved 1048576K
}
Event: 84,046 GC heap after
{Heap after GC invocations=75 (full 0):
 garbage-first heap   total 460800K, used 145408K [0x00000000a0000000, 0x0000000100000000)
  region size 1024K, 9 young (9216K), 9 survivors (9216K)
 Metaspace       used 95797K, capacity 98542K, committed 98852K, reserved 1134592K
  class space    used 12463K, capacity 13455K, committed 13516K, reserved 1048576K
}
Event: 86,865 GC heap before
{Heap before GC invocations=75 (full 0):
 garbage-first heap   total 460800K, used 397312K [0x00000000a0000000, 0x0000000100000000)
  region size 1024K, 254 young (260096K), 9 survivors (9216K)
 Metaspace       used 95808K, capacity 98607K, committed 98852K, reserved 1134592K
  class space    used 12463K, capacity 13455K, committed 13516K, reserved 1048576K
}

